<?xml version="1.0" encoding="UTF-8"?>
<!-- Generated by org.testng.reporters.JUnitReportReporter -->
<testsuite hostname="DESKTOP-8VVGM8J" failures="0" tests="1" name="day1.GetUserChain" time="4.504" errors="0" timestamp="2023-12-09T10:41:23 IST" skipped="0">
  <testcase classname="day1.GetUserChain" name="test_createUser" time="4.504"/>
</testsuite> <!-- day1.GetUserChain -->
