<?xml version="1.0" encoding="UTF-8"?>
<!-- Generated by org.testng.reporters.JUnitReportReporter -->
<testsuite hostname="DESKTOP-8VVGM8J" failures="0" tests="1" name="API_Chaining.UpdateUserChain" time="2.137" errors="0" timestamp="2023-12-09T11:13:19 IST" skipped="0">
  <testcase classname="API_Chaining.UpdateUserChain" name="test_updateUser" time="2.137"/>
</testsuite> <!-- API_Chaining.UpdateUserChain -->
