<?xml version="1.0" encoding="UTF-8"?>
<!-- Generated by org.testng.reporters.JUnitReportReporter -->
<testsuite hostname="DESKTOP-8VVGM8J" failures="0" tests="1" name="API_Chaining.DeleteUserChain" time="0.805" errors="0" timestamp="2023-12-09T11:13:19 IST" skipped="0">
  <testcase classname="API_Chaining.DeleteUserChain" name="test_deleteUser" time="0.805"/>
</testsuite> <!-- API_Chaining.DeleteUserChain -->
