<?xml version="1.0" encoding="UTF-8"?>
<!-- Generated by org.testng.reporters.JUnitReportReporter -->
<testsuite hostname="DESKTOP-8VVGM8J" failures="0" tests="1" name="day4.ParsingJSONResponse" time="2.392" errors="0" timestamp="2023-12-06T20:55:11 IST" skipped="0">
  <testcase classname="day4.ParsingJSONResponse" name="testJSONResponseBodyData" time="2.392"/>
</testsuite> <!-- day4.ParsingJSONResponse -->
