<?xml version="1.0" encoding="UTF-8"?>
<!-- Generated by org.testng.reporters.JUnitReportReporter -->
<testsuite hostname="DESKTOP-8VVGM8J" failures="0" tests="1" name="day3.LoggingDemo" time="3.108" errors="0" timestamp="2023-12-02T21:07:40 IST" skipped="0">
  <testcase classname="day3.LoggingDemo" name="testLogs" time="3.108"/>
</testsuite> <!-- day3.LoggingDemo -->
