<?xml version="1.0" encoding="UTF-8"?>
<!-- Generated by org.testng.reporters.JUnitReportReporter -->
<testsuite hostname="DESKTOP-8VVGM8J" failures="0" tests="1" name="API_Chaining.GetUserChain" time="0.822" errors="0" timestamp="2023-12-09T11:13:19 IST" skipped="0">
  <testcase classname="API_Chaining.GetUserChain" name="test_getUser" time="0.822"/>
</testsuite> <!-- API_Chaining.GetUserChain -->
