<?xml version="1.0" encoding="UTF-8"?>
<!-- Generated by org.testng.reporters.JUnitReportReporter -->
<testsuite hostname="DESKTOP-8VVGM8J" failures="0" tests="1" name="day1.ParsingJSONResponse" time="1.779" errors="0" timestamp="2023-12-06T21:12:10 IST" skipped="0">
  <testcase classname="day1.ParsingJSONResponse" name="testJSONResponseBodyData" time="1.779"/>
</testsuite> <!-- day1.ParsingJSONResponse -->
