<?xml version="1.0" encoding="UTF-8"?>
<!-- Generated by org.testng.reporters.JUnitReportReporter -->
<testsuite hostname="DESKTOP-8VVGM8J" failures="0" tests="4" name="day1.HTTPRequests" time="4.729" errors="0" timestamp="2023-12-06T21:13:13 IST" skipped="0">
  <testcase classname="day1.HTTPRequests" name="getUsers" time="2.868"/>
  <testcase classname="day1.HTTPRequests" name="CreateUser" time="0.995"/>
  <testcase classname="day1.HTTPRequests" name="UpdateUser" time="0.408"/>
  <testcase classname="day1.HTTPRequests" name="DeleteUser" time="0.458"/>
</testsuite> <!-- day1.HTTPRequests -->
