<?xml version="1.0" encoding="UTF-8"?>
<!-- Generated by org.testng.reporters.JUnitReportReporter -->
<testsuite hostname="DESKTOP-8VVGM8J" failures="0" tests="2" name="day1.SerializationDeserialization" time="0.662" errors="0" timestamp="2023-12-08T10:16:45 IST" skipped="0">
  <testcase classname="day1.SerializationDeserialization" name="convertJson2Pojo" time="0.630"/>
  <testcase classname="day1.SerializationDeserialization" name="convertPojo2Json" time="0.032"/>
</testsuite> <!-- day1.SerializationDeserialization -->
