<?xml version="1.0" encoding="UTF-8"?>
<!-- Generated by org.testng.reporters.JUnitReportReporter -->
<testsuite hostname="DESKTOP-8VVGM8J" failures="0" tests="1" name="day3.CookiesDemo" time="2.707" errors="0" timestamp="2023-12-02T20:35:05 IST" skipped="0">
  <testcase classname="day3.CookiesDemo" name="getCookiesInfo" time="2.707"/>
</testsuite> <!-- day3.CookiesDemo -->
