<?xml version="1.0" encoding="UTF-8"?>
<!-- Generated by org.testng.reporters.JUnitReportReporter -->
<testsuite hostname="DESKTOP-8VVGM8J" failures="0" tests="1" name="day1.FakerDataGeneration" time="0.418" errors="0" timestamp="2023-12-08T11:25:49 IST" skipped="0">
  <testcase classname="day1.FakerDataGeneration" name="testgeneratedummydata" time="0.418"/>
</testsuite> <!-- day1.FakerDataGeneration -->
