<?xml version="1.0" encoding="UTF-8"?>
<!-- Generated by org.testng.reporters.JUnitReportReporter -->
<testsuite hostname="DESKTOP-8VVGM8J" failures="0" tests="1" name="day3.HeadersDemo" time="2.763" errors="0" timestamp="2023-12-02T21:00:29 IST" skipped="0">
  <testcase classname="day3.HeadersDemo" name="getHeaders" time="2.763"/>
</testsuite> <!-- day3.HeadersDemo -->
