<?xml version="1.0" encoding="UTF-8"?>
<!-- Generated by org.testng.reporters.JUnitReportReporter -->
<testsuite hostname="DESKTOP-8VVGM8J" failures="0" tests="1" name="day1.ParsingXMLResponse" time="3.057" errors="0" timestamp="2023-12-07T10:43:16 IST" skipped="0">
  <testcase classname="day1.ParsingXMLResponse" name="testXMLResponseBody" time="3.057"/>
</testsuite> <!-- day1.ParsingXMLResponse -->
