<?xml version="1.0" encoding="UTF-8"?>
<!-- Generated by org.testng.reporters.JUnitReportReporter -->
<testsuite hostname="DESKTOP-8VVGM8J" failures="0" tests="4" name="day1.Authentications" time="7.335" errors="0" timestamp="2023-12-08T10:57:54 IST" skipped="0">
  <testcase classname="day1.Authentications" name="testBasicAuthentication" time="3.798"/>
  <testcase classname="day1.Authentications" name="testDigestAuthentication" time="1.539"/>
  <testcase classname="day1.Authentications" name="testPreemptiveAuthentication" time="1.326"/>
  <testcase classname="day1.Authentications" name="testbearerAuthentication" time="0.672"/>
</testsuite> <!-- day1.Authentications -->
