<?xml version="1.0" encoding="UTF-8"?>
<!-- Generated by org.testng.reporters.JUnitReportReporter -->
<testsuite hostname="DESKTOP-8VVGM8J" failures="0" tests="2" name="day2.WaysToCreatePostRequestBody" time="3.287" errors="0" timestamp="2023-12-06T15:18:39 IST" skipped="0">
  <testcase classname="day2.WaysToCreatePostRequestBody" name="testPostUsingExternaJson" time="2.737"/>
  <testcase classname="day2.WaysToCreatePostRequestBody" name="testDelete" time="0.550"/>
</testsuite> <!-- day2.WaysToCreatePostRequestBody -->
