<?xml version="1.0" encoding="UTF-8"?>
<!-- Generated by org.testng.reporters.JUnitReportReporter -->
<testsuite hostname="DESKTOP-8VVGM8J" failures="0" tests="1" name="day1.CreateUserChain" time="3.872" errors="0" timestamp="2023-12-09T10:45:05 IST" skipped="0">
  <testcase classname="day1.CreateUserChain" name="test_createUser" time="3.872"/>
</testsuite> <!-- day1.CreateUserChain -->
