<?xml version="1.0" encoding="UTF-8"?>
<!-- Generated by org.testng.reporters.JUnitReportReporter -->
<testsuite hostname="DESKTOP-8VVGM8J" failures="0" tests="1" name="day3.PathandQueryParameters" time="2.169" errors="0" timestamp="2023-12-02T19:59:54 IST" skipped="0">
  <testcase classname="day3.PathandQueryParameters" name="testQueryAndPathParameters" time="2.169"/>
</testsuite> <!-- day3.PathandQueryParameters -->
